<?xml version="1.0" encoding="UTF-8"?>
<!-- Generated by org.testng.reporters.JUnitReportReporter -->
<testsuite hostname="LTIN306977" failures="0" tests="2" name="TestCase.TestCase2_UsedCarsDetails" time="15.770" errors="0" timestamp="2024-03-11T21:56:28 IST" skipped="1">
  <testcase classname="TestCase.TestCase2_UsedCarsDetails" name="UsedCarDetails" time="15.769"/>
  <testcase classname="TestCase.TestCase2_UsedCarsDetails" name="UsedCarDetails" time="0.001">
    <skipped/>
  </testcase> <!-- UsedCarDetails -->
</testsuite> <!-- TestCase.TestCase2_UsedCarsDetails -->
