<?xml version="1.0" encoding="UTF-8"?>
<!-- Generated by org.testng.reporters.JUnitReportReporter -->
<testsuite hostname="LTIN306977" failures="0" tests="2" name="TestCase.TestCase3_GoogleLogin" time="4.557" errors="0" timestamp="2024-03-11T21:56:28 IST" skipped="1">
  <testcase classname="TestCase.TestCase3_GoogleLogin" name="verifyLoginPage" time="0.000">
    <skipped/>
  </testcase> <!-- verifyLoginPage -->
  <testcase classname="TestCase.TestCase3_GoogleLogin" name="verifyLoginPage" time="4.557"/>
</testsuite> <!-- TestCase.TestCase3_GoogleLogin -->
